hp-check[17047]: info: :
hp-check[17047]: info: :[01mHP Linux Imaging and Printing System (ver. 3.20.5)[0m
hp-check[17047]: info: :[01mDependency/Version Check Utility ver. 15.1[0m
hp-check[17047]: info: :
hp-check[17047]: info: :Copyright (c) 2001-18 HP Development Company, LP
hp-check[17047]: info: :This software comes with ABSOLUTELY NO WARRANTY.
hp-check[17047]: info: :This is free software, and you are welcome to distribute it
hp-check[17047]: info: :under certain conditions. See COPYING file for more details.
hp-check[17047]: info: :
hp-check[17047]: info: :[01mNote: hp-check can be run in three modes:[0m
hp-check[17047]: info: :1. Compile-time check mode (-c or --compile): Use this mode before compiling the HPLIP supplied tarball (.tar.gz or .run) to determine if the proper           
hp-check[17047]: info: :dependencies are installed to successfully compile HPLIP.                                                                                                      
hp-check[17047]: info: :2. Run-time check mode (-r or --run): Use this mode to determine if a distro supplied package (.deb, .rpm, etc) or an already built HPLIP supplied tarball has 
hp-check[17047]: info: :the proper dependencies installed to successfully run.                                                                                                         
hp-check[17047]: info: :3. Both compile- and run-time check mode (-b or --both) (Default): This mode will check both of the above cases (both compile- and run-time dependencies).     
hp-check[17047]: info: :
hp-check[17047]: info: :Check types:                                                                                                                                                   
hp-check[17047]: info: :a. EXTERNALDEP - External Dependencies                                                                                                                         
hp-check[17047]: info: :b. GENERALDEP - General Dependencies (required both at compile and run time)                                                                                   
hp-check[17047]: info: :c. COMPILEDEP - Compile time Dependencies                                                                                                                      
hp-check[17047]: info: :d. [All are run-time checks]                                                                                                                                   
hp-check[17047]: info: :PYEXT SCANCONF QUEUES PERMISSION                                                                                                                               
hp-check[17047]: info: :
hp-check[17047]: info: :Status Types:
hp-check[17047]: info: :    OK
hp-check[17047]: info: :    MISSING       - Missing Dependency or Permission or Plug-in
hp-check[17047]: info: :    INCOMPAT      - Incompatible dependency-version or Plugin-version
hp-check[17047]: info: :
warning: [01m26-20.0.3 version is not supported. Using 26-19.0 versions dependencies to verify and install...[0m
hp-check[17047]: info: :
hp-check[17047]: info: :---------------
hp-check[17047]: info: :| SYSTEM INFO |
hp-check[17047]: info: :---------------
hp-check[17047]: info: :
hp-check[17047]: info: : Kernel: 5.6.16-1-MANJARO #1 SMP PREEMPT Wed Jun 3 14:26:28 UTC 2020 GNU/Linux
 Host: letos
 Proc: 5.6.16-1-MANJARO #1 SMP PREEMPT Wed Jun 3 14:26:28 UTC 2020 GNU/Linux
 Distribution: 26 20.0.3
hp-check[17047]: info: : Bitness: 64 bit

hp-check[17047]: info: :
hp-check[17047]: info: :-----------------------
hp-check[17047]: info: :| HPLIP CONFIGURATION |
hp-check[17047]: info: :-----------------------
hp-check[17047]: info: :
hp-check[17047]: info: :HPLIP-Version: HPLIP 3.20.5
hp-check[17047]: info: :HPLIP-Home: /usr/share/hplip
warning: HPLIP-Installation: Auto installation is not supported for 26 distro  20.0.3 version 
hp-check[17047]: info: :
hp-check[17047]: info: :[01mCurrent contents of '/etc/hp/hplip.conf' file:[0m
hp-check[17047]: info: :# hplip.conf.  Generated from hplip.conf.in by configure.

[hplip]
version=3.20.5

[dirs]
home=/usr/share/hplip
run=/var/run
ppd=/usr/share/ppd/HP
ppdbase=/usr/share/ppd
doc=/usr/share/doc/hplip-3.20.5
html=/usr/share/doc/hplip-3.20.5
icon=/usr/share/applications
cupsbackend=/usr/lib/cups/backend
cupsfilter=/usr/lib/cups/filter
drv=/usr/share/cups/drv/hp
bin=/usr/bin
apparmor=/etc/apparmor.d
# Following values are determined at configure time and cannot be changed.
[configure]
network-build=yes
libusb01-build=no
pp-build=yes
gui-build=yes
scanner-build=yes
fax-build=yes
dbus-build=yes
cups11-build=no
doc-build=yes
shadow-build=no
hpijs-install=no
foomatic-drv-install=no
foomatic-ppd-install=no
foomatic-rip-hplip-install=no
hpcups-install=yes
cups-drv-install=yes
cups-ppd-install=no
internal-tag=3.20.5
restricted-build=no
ui-toolkit=qt5
qt3=no
qt4=no
qt5=yes
policy-kit=no
lite-build=no
udev_sysfs_rules=no
hpcups-only-build=no
hpijs-only-build=no
apparmor_build=no
class-driver=no

hp-check[17047]: info: :
hp-check[17047]: info: :[01mCurrent contents of '/var/lib/hp/hplip.state' file:[0m
hp-check[17047]: info: :Plugins are not installed. Could not access file: No such file or directory
hp-check[17047]: info: :
hp-check[17047]: info: :[01mCurrent contents of '~/.hplip/hplip.conf' file:[0m
hp-check[17047]: info: :[installation]
date_time = 08/03/20 18:25:47
version = 3.20.5


hp-check[17047]: info: : <Package-name>        <Package-Desc>      <Required/Optional> <Min-Version> <Installed-Version> <Status>   <Comment>
hp-check[17047]: info: :
hp-check[17047]: info: :-------------------------
hp-check[17047]: info: :| External Dependencies |
hp-check[17047]: info: :-------------------------
hp-check[17047]: info: :
hp-check[17047]: info: : cups                 CUPS - Common Unix Printing System                           REQUIRED        1.1             2.3.3           OK         'CUPS Scheduler is running'
hp-check[17047]: info: : gs                   GhostScript - PostScript and PDF language interpreter and previewer REQUIRED        7.05            9.52            OK         -
hp-check[17047]: info: : xsane                xsane - Graphical scanner frontend for SANE                  OPTIONAL        0.9             0.999           OK         -
hp-check[17047]: info: : scanimage            scanimage - Shell scanning program                           OPTIONAL        1.0             1.0.30          OK         -
hp-check[17047]: info: : dbus                 DBus - Message bus system                                    REQUIRED        -               1.12.16         OK         -
hp-check[17047]: info: :[31;01m error: policykit     PolicyKit - Administrative policy framework                  OPTIONAL        -               0.116           MISSING    'policykit needs to be installed'[0m
hp-check[17047]: info: : network              network -wget                                                OPTIONAL        -               1.20.3          OK         -
hp-check[17047]: info: : avahi-utils          avahi-utils                                                  OPTIONAL        -               0.8             OK         -
hp-check[17047]: info: :
hp-check[17047]: info: :------------------------
hp-check[17047]: info: :| General Dependencies |
hp-check[17047]: info: :------------------------
hp-check[17047]: info: :
hp-check[17047]: info: : libjpeg              libjpeg - JPEG library                                       REQUIRED        -               -               OK         -
hp-check[17047]: info: : cups-devel           CUPS devel- Common Unix Printing System development files    REQUIRED        -               2.3.3           OK         -
hp-check[17047]: info: : cups-image           CUPS image - CUPS image development files                    REQUIRED        -               2.3.3           OK         -
hp-check[17047]: info: : libpthread           libpthread - POSIX threads library                           REQUIRED        -               b'2.31'         OK         -
hp-check[17047]: info: : libusb               libusb - USB library                                         REQUIRED        -               1.0             OK         -
hp-check[17047]: info: : sane                 SANE - Scanning library                                      REQUIRED        -               1.0.30          OK         -
hp-check[17047]: info: : sane-devel           SANE - Scanning library development files                    REQUIRED        -               1.0.30          OK         -
hp-check[17047]: info: : libnetsnmp-devel     libnetsnmp-devel - SNMP networking library development files REQUIRED        5.0.9           5.8             OK         -
hp-check[17047]: info: : libcrypto            libcrypto - OpenSSL cryptographic library                    REQUIRED        -               1.1.1           OK         -
hp-check[17047]: info: : python3X             Python 2.2 or greater - Python programming language          REQUIRED        2.2             3.8.3           OK         -
hp-check[17047]: info: :[31;01m error: python3-notify2 Python libnotify - Python bindings for the libnotify Desktop notifications OPTIONAL        -               -               MISSING    'python3-notify2 needs to be installed'[0m
hp-check[17047]: info: :[31;01m error: python3-pyqt4-dbus PyQt 4 DBus - DBus Support for PyQt4                         OPTIONAL        4.0             -               MISSING    'python3-pyqt4-dbus needs to be installed'[0m
hp-check[17047]: info: :[31;01m error: python3-pyqt4 PyQt 4- Qt interface for Python (for Qt version 4.x)         REQUIRED        4.0             -               MISSING    'python3-pyqt4 needs to be installed'[0m
hp-check[17047]: info: : python3-dbus         Python DBus - Python bindings for DBus                       REQUIRED        0.80.0          1.2.16          OK         -
hp-check[17047]: info: : python3-xml          Python XML libraries                                         REQUIRED        -               2.2.9           OK         -
hp-check[17047]: info: : python3-devel        Python devel - Python development files                      REQUIRED        2.2             3.8.3           OK         -
hp-check[17047]: info: :[31;01m error: python3-pil   PIL - Python Imaging Library (required for commandline scanning with hp-scan) OPTIONAL        -               -               MISSING    'python3-pil needs to be installed'[0m
hp-check[17047]: info: : python3-reportlab    Reportlab - PDF library for Python                           OPTIONAL        2.0             3.5.42          OK         -
hp-check[17047]: info: :
hp-check[17047]: info: :--------------
hp-check[17047]: info: :| COMPILEDEP |
hp-check[17047]: info: :--------------
hp-check[17047]: info: :
hp-check[17047]: info: : libtool              libtool - Library building support services                  REQUIRED        -               2.4.6           OK         -
hp-check[17047]: info: : gcc                  gcc - GNU Project C and C++ Compiler                         REQUIRED        -               10.1.0          OK         -
hp-check[17047]: info: : make                 make - GNU make utility to maintain groups of programs       REQUIRED        3.0             4.3             OK         -
hp-check[17047]: info: :
hp-check[17047]: info: :---------------------
hp-check[17047]: info: :| Python Extentions |
hp-check[17047]: info: :---------------------
hp-check[17047]: info: :
hp-check[17047]: info: : cupsext              CUPS-Extension                                               REQUIRED        -               3.20.5          OK         -
hp-check[17047]: info: : hpmudext             IO-Extension                                                 REQUIRED        -               3.20.5          OK         -
hp-check[17047]: info: :
hp-check[17047]: info: :----------------------
hp-check[17047]: info: :| Scan Configuration |
hp-check[17047]: info: :----------------------
hp-check[17047]: info: :
hp-check[17047]: info: : hpaio                HPLIP-SANE-Backend                                           REQUIRED        -               3.20.5          OK         'hpaio found in /etc/sane.d/dll.conf'
hp-check[17047]: info: : scanext              Scan-SANE-Extension                                          REQUIRED        -               3.20.5          OK         -
hp-check[17047]: info: :
hp-check[17047]: info: :------------------------------
hp-check[17047]: info: :| DISCOVERED SCANNER DEVICES |
hp-check[17047]: info: :------------------------------
hp-check[17047]: info: :
hp-check[17047]: info: :device `v4l:/dev/video0' is a Noname Integrated Camera: Integrated C virtual device

hp-check[17047]: info: :
hp-check[17047]: info: :--------------------------
hp-check[17047]: info: :| DISCOVERED USB DEVICES |
hp-check[17047]: info: :--------------------------
hp-check[17047]: info: :
hp-check[17047]: info: :No devices found.
hp-check[17047]: info: :
hp-check[17047]: info: :---------------------------------
hp-check[17047]: info: :| INSTALLED CUPS PRINTER QUEUES |
hp-check[17047]: info: :---------------------------------
hp-check[17047]: info: :
hp-check[17047]: info: :
hp-check[17047]: info: :[01mlpstat[0m
hp-check[17047]: info: :[01m------[0m
hp-check[17047]: info: :Type: Unknown
hp-check[17047]: info: :Device URI: No destinations added.
hp-check[17047]: info: :
hp-check[17047]: info: :
hp-check[17047]: info: :--------------
hp-check[17047]: info: :| PERMISSION |
hp-check[17047]: info: :--------------
hp-check[17047]: info: :
hp-check[17047]: info: :
hp-check[17047]: info: :-----------
hp-check[17047]: info: :| SUMMARY |
hp-check[17047]: info: :-----------
hp-check[17047]: info: :
hp-check[17047]: info: :[01mMissing Required Dependencies[0m
hp-check[17047]: info: :[01m-----------------------------[0m
error: 'python-pyqt4' package is missing/incompatible 
error: 'pygtk' package is missing/incompatible 
hp-check[17047]: info: :
hp-check[17047]: info: :[01mMissing Optional Dependencies[0m
hp-check[17047]: info: :[01m-----------------------------[0m
error: 'policykit-1' package is missing/incompatible 
error: 'policykit-1-gnome' package is missing/incompatible 
error: 'python2-pillow' package is missing/incompatible 
hp-check[17047]: info: :
hp-check[17047]: info: :Total Errors: 5
hp-check[17047]: info: :Total Warnings: 0
hp-check[17047]: info: :
hp-check[17047]: info: :
hp-check[17047]: info: :Done.
